#@ # 
#@ # Running lc_shell Version T-2022.03-SP3 for linux64 -- Jul 13, 2022
#@ # Date:   Wed Sep 27 17:06:18 2023
#@ # Run by: nk.vaishnav@ssirlab03
#@ 

source gen1.tcl
grep -o 'Error: Line [0-9]\+' b.txt | awk '{print $NF}' > c.txt
source gen2.tcl
sh clear
source gen2.tcl
source gen2.tcl
sh clear
sh clear
source gen2.tcl
source gen2.tcl
source gen3.tcl
sh clear
sh clear
source gen1.tcl
source gen2.tcl
sh gvim output.sh
source gen2.tcl
sh clear
sh clear
source gen2.tcl
sh clear
source gen2.tcl
source gen3.tcl
sh clear
source gen3.tcl
