 
****************************************
Report : qor
Design : vsdbabysoc
Version: T-2022.03-SP5-1
Date   : Wed Sep 27 18:38:47 2023
****************************************


  Timing Path Group 'clk'
  -----------------------------------
  Levels of Logic:              19.00
  Critical Path Length:          9.47
  Critical Path Slack:          -8.46
  Critical Path Clk Period:      2.00
  Total Negative Slack:      -9191.95
  No. of Violating Paths:     1192.00
  Worst Hold Violation:          0.00
  Total Hold Violation:          0.00
  No. of Hold Violations:        0.00
  -----------------------------------


  Cell Count
  -----------------------------------
  Hierarchical Cell Count:          1
  Hierarchical Port Count:         12
  Leaf Cell Count:               8557
  Buf/Inv Cell Count:            1619
  Buf Cell Count:                  90
  Inv Cell Count:                1529
  CT Buf/Inv Cell Count:            0
  Combinational Cell Count:      7365
  Sequential Cell Count:         1192
  Macro Count:                      0
  -----------------------------------


  Area
  -----------------------------------
  Combinational Area:    35211.269694
  Noncombinational Area: 25534.489260
  Buf/Inv Area:           6527.510225
  Total Buffer Area:           530.51
  Total Inverter Area:        5997.00
  Macro/Black Box Area:      0.000000
  Net Area:                  0.000000
  -----------------------------------
  Cell Area:             60745.758953
  Design Area:           60745.758953


  Design Rules
  -----------------------------------
  Total Number of Nets:          8566
  Nets With Violations:             0
  Max Trans Violations:             0
  Max Cap Violations:               0
  -----------------------------------


  Hostname: ssirlab03

  Compile CPU Statistics
  -----------------------------------------
  Resource Sharing:                    0.04
  Logic Optimization:                 42.58
  Mapping Optimization:               87.33
  -----------------------------------------
  Overall Compile Time:              189.31
  Overall Compile Wall Clock Time:   191.88

  --------------------------------------------------------------------

  Design  WNS: 8.46  TNS: 9191.95  Number of Violating Paths: 1192


  Design (Hold)  WNS: 0.00  TNS: 0.00  Number of Violating Paths: 0

  --------------------------------------------------------------------


1
