 
****************************************
Report : qor
Design : vsdbabysoc
Version: T-2022.03-SP5-1
Date   : Wed Sep 27 15:15:09 2023
****************************************


  Timing Path Group 'clk'
  -----------------------------------
  Levels of Logic:              19.00
  Critical Path Length:          6.21
  Critical Path Slack:          -6.26
  Critical Path Clk Period:      1.00
  Total Negative Slack:      -6792.02
  No. of Violating Paths:     1191.00
  Worst Hold Violation:          0.00
  Total Hold Violation:          0.00
  No. of Hold Violations:        0.00
  -----------------------------------


  Cell Count
  -----------------------------------
  Hierarchical Cell Count:          1
  Hierarchical Port Count:         12
  Leaf Cell Count:               8816
  Buf/Inv Cell Count:            1840
  Buf Cell Count:                  90
  Inv Cell Count:                1750
  CT Buf/Inv Cell Count:            0
  Combinational Cell Count:      7624
  Sequential Cell Count:         1192
  Macro Count:                      0
  -----------------------------------


  Area
  -----------------------------------
  Combinational Area:    37064.296897
  Noncombinational Area: 25318.004385
  Buf/Inv Area:           7402.099000
  Total Buffer Area:           603.08
  Total Inverter Area:        6799.02
  Macro/Black Box Area:      0.000000
  Net Area:                  0.000000
  -----------------------------------
  Cell Area:             62382.301282
  Design Area:           62382.301282


  Design Rules
  -----------------------------------
  Total Number of Nets:          8827
  Nets With Violations:             0
  Max Trans Violations:             0
  Max Cap Violations:               0
  -----------------------------------


  Hostname: ssirlab03

  Compile CPU Statistics
  -----------------------------------------
  Resource Sharing:                    0.05
  Logic Optimization:                 33.73
  Mapping Optimization:               45.87
  -----------------------------------------
  Overall Compile Time:              100.84
  Overall Compile Wall Clock Time:   102.57

  --------------------------------------------------------------------

  Design  WNS: 6.26  TNS: 6792.02  Number of Violating Paths: 1191


  Design (Hold)  WNS: 0.00  TNS: 0.00  Number of Violating Paths: 0

  --------------------------------------------------------------------


1
